2025-11-24 10:34:34,856 - INFO - Starting ForteBank AI Hackathon Pipeline...
2025-11-24 10:34:34,857 - INFO - Loading data...
2025-11-24 10:34:34,897 - INFO - Loaded behavior data: (8587, 19)
2025-11-24 10:34:34,898 - INFO - Loaded transactions data: (13113, 7)
2025-11-24 10:34:34,898 - INFO - Cleaning data...
2025-11-24 10:34:34,913 - INFO - Merging data...
2025-11-24 10:34:34,913 - INFO - Transactions dtypes: transdatetime=datetime64[ns], cst_dim_id=int64
2025-11-24 10:34:34,913 - INFO - Behavior dtypes: transdate=datetime64[ns], cst_dim_id=int64
2025-11-24 10:34:34,922 - INFO - Merged data shape: (13107, 28)
2025-11-24 10:34:34,923 - INFO - Generating features...
Traceback (most recent call last):
  File "/Users/apolorotov/Desktop/Agents/ForteContest/main.py", line 141, in <module>
    main()
    ~~~~^^
  File "/Users/apolorotov/Desktop/Agents/ForteContest/main.py", line 38, in main
    features_df = engineer.generate_features()
  File "/Users/apolorotov/Desktop/Agents/ForteContest/src/agents/feature_engineer.py", line 16, in generate_features
    self.generate_velocity_features()
    ^^^^^^^^^^^^^^^^^^^^^^^^^^^^^^^
AttributeError: 'FeatureEngineerAgent' object has no attribute 'generate_velocity_features'. Did you mean: 'generate_identity_features'?
