2025-11-23 22:10:35,379 - INFO - Starting ForteBank AI Hackathon Pipeline...
2025-11-23 22:10:35,379 - INFO - Loading data...
2025-11-23 22:10:35,421 - INFO - Loaded behavior data: (8587, 19)
2025-11-23 22:10:35,421 - INFO - Loaded transactions data: (13113, 7)
2025-11-23 22:10:35,421 - INFO - Cleaning data...
2025-11-23 22:10:35,438 - INFO - Merging data...
2025-11-23 22:10:35,438 - INFO - Transactions dtypes: transdatetime=datetime64[ns], cst_dim_id=int64
2025-11-23 22:10:35,438 - INFO - Behavior dtypes: transdate=datetime64[ns], cst_dim_id=int64
2025-11-23 22:10:35,444 - INFO - Merged data shape: (13107, 28)
2025-11-23 22:10:35,451 - INFO - Generating features...
2025-11-23 22:10:35,451 - INFO - Generating velocity features...
2025-11-23 22:10:35,482 - INFO - Generating interaction features...
2025-11-23 22:10:35,484 - INFO - Generating identity features...
2025-11-23 22:10:35,488 - INFO - Generating graph features...
2025-11-23 22:10:35,495 - INFO - Generating time delta features...
2025-11-23 22:10:35,496 - INFO - Generating GNN embeddings...
2025-11-23 22:10:35,498 - INFO - Building transaction graph for embeddings...
2025-11-23 22:10:35,500 - INFO - Graph has 2291 nodes (clients + receivers).
2025-11-23 22:10:35,505 - INFO - Generating graph embeddings via TruncatedSVD...
2025-11-23 22:10:35,521 - INFO - Embeddings generated. Explained variance: 0.3792
2025-11-23 22:10:35,527 - INFO - Generating anomaly features (Isolation Forest)...
2025-11-23 22:10:35,673 - INFO - 
============================================================
2025-11-23 22:10:35,673 - INFO - DATA SPLIT:
2025-11-23 22:10:35,674 - INFO - Train set: 11141 transactions (2024-11-30 05:45:05 to 2025-07-07 15:19:13)
2025-11-23 22:10:35,674 - INFO - Holdout set: 1966 transactions (2025-07-07 15:24:01 to 2025-08-29 22:12:01)
2025-11-23 22:10:35,674 - INFO - Train fraud rate: 0.0056
2025-11-23 22:10:35,674 - INFO - Holdout fraud rate: 0.0524
2025-11-23 22:10:35,674 - INFO - ============================================================

Traceback (most recent call last):
  File "/Users/apolorotov/Desktop/Agents/ForteContest/main.py", line 140, in <module>
    main()
    ~~~~^^
  File "/Users/apolorotov/Desktop/Agents/ForteContest/main.py", line 57, in main
    use_optuna = config.get('model', {}).get('use_optuna', False)
                 ^^^^^^
UnboundLocalError: cannot access local variable 'config' where it is not associated with a value
